# JRE version: OpenJDK Runtime Environment Temurin-17.0.12+7 (17.0.12+7) (build 17.0.12+7)
# Java VM: OpenJDK 64-Bit Server VM Temurin-17.0.12+7 (17.0.12+7, mixed mode, tiered, compressed oops, compressed class ptrs, parallel gc, windows-amd64)
GC Precious Log:
 CPUs: 4 total, 4 available
 Memory: 12215M
 Large Page Support: Disabled
 NUMA Support: Disabled
 Compressed Oops: Enabled (32-bit)
 Alignments: Space 512K, Generation 512K, Heap 2M
 Heap Min Capacity: 100M
 Heap Initial Capacity: 100M
 Heap Max Capacity: 1G
 Pre-touch: Disabled
 Parallel Workers: 4
Heap:
 PSYoungGen      total 20480K, used 16756K [0x00000000eab00000, 0x00000000ec500000, 0x0000000100000000)
  eden space 17408K, 78% used [0x00000000eab00000,0x00000000eb863878,0x00000000ebc00000)
  from space 3072K, 99% used [0x00000000ebc00000,0x00000000ebef9810,0x00000000ebf00000)
  to   space 4608K, 0% used [0x00000000ec080000,0x00000000ec080000,0x00000000ec500000)
 ParOldGen       total 68608K, used 37688K [0x00000000c0000000, 0x00000000c4300000, 0x00000000eab00000)
  object space 68608K, 54% used [0x00000000c0000000,0x00000000c24ce2f8,0x00000000c4300000)
 Metaspace       used 65690K, committed 66816K, reserved 1114112K
  class space    used 6961K, committed 7424K, reserved 1048576K
GC Heap History (20 events):
Event: 11.667 GC heap before
{Heap before GC invocations=27 (full 2):
 PSYoungGen      total 22528K, used 22368K [0x00000000eab00000, 0x00000000ec600000, 0x0000000100000000)
  eden space 18944K, 100% used [0x00000000eab00000,0x00000000ebd80000,0x00000000ebd80000)
  from space 3584K, 95% used [0x00000000ec180000,0x00000000ec4d8200,0x00000000ec500000)
  to   space 4096K, 0% used [0x00000000ebd80000,0x00000000ebd80000,0x00000000ec180000)
 ParOldGen       total 68608K, used 33721K [0x00000000c0000000, 0x00000000c4300000, 0x00000000eab00000)
  object space 68608K, 49% used [0x00000000c0000000,0x00000000c20ee570,0x00000000c4300000)
 Metaspace       used 55855K, committed 56960K, reserved 1114112K
  class space    used 5992K, committed 6464K, reserved 1048576K
}
Event: 11.672 GC heap after
{Heap after GC invocations=27 (full 2):
 PSYoungGen      total 20992K, used 1827K [0x00000000eab00000, 0x00000000ec280000, 0x0000000100000000)
  eden space 18944K, 0% used [0x00000000eab00000,0x00000000eab00000,0x00000000ebd80000)
  from space 2048K, 89% used [0x00000000ebd80000,0x00000000ebf48ff8,0x00000000ebf80000)
  to   space 2560K, 0% used [0x00000000ec000000,0x00000000ec000000,0x00000000ec280000)
 ParOldGen       total 68608K, used 37081K [0x00000000c0000000, 0x00000000c4300000, 0x00000000eab00000)
  object space 68608K, 54% used [0x00000000c0000000,0x00000000c2436770,0x00000000c4300000)
 Metaspace       used 55855K, committed 56960K, reserved 1114112K
  class space    used 5992K, committed 6464K, reserved 1048576K
}
Event: 12.039 GC heap before
{Heap before GC invocations=28 (full 2):
 PSYoungGen      total 20992K, used 20771K [0x00000000eab00000, 0x00000000ec280000, 0x0000000100000000)
  eden space 18944K, 100% used [0x00000000eab00000,0x00000000ebd80000,0x00000000ebd80000)
  from space 2048K, 89% used [0x00000000ebd80000,0x00000000ebf48ff8,0x00000000ebf80000)
  to   space 2560K, 0% used [0x00000000ec000000,0x00000000ec000000,0x00000000ec280000)
 ParOldGen       total 68608K, used 37081K [0x00000000c0000000, 0x00000000c4300000, 0x00000000eab00000)
  object space 68608K, 54% used [0x00000000c0000000,0x00000000c2436770,0x00000000c4300000)
 Metaspace       used 56614K, committed 57792K, reserved 1114112K
  class space    used 6094K, committed 6592K, reserved 1048576K
}
Event: 12.042 GC heap after
{Heap after GC invocations=28 (full 2):
 PSYoungGen      total 19456K, used 320K [0x00000000eab00000, 0x00000000ec080000, 0x0000000100000000)
  eden space 18944K, 0% used [0x00000000eab00000,0x00000000eab00000,0x00000000ebd80000)
  from space 512K, 62% used [0x00000000ec000000,0x00000000ec050000,0x00000000ec080000)
  to   space 1024K, 0% used [0x00000000ebe80000,0x00000000ebe80000,0x00000000ebf80000)
 ParOldGen       total 68608K, used 38762K [0x00000000c0000000, 0x00000000c4300000, 0x00000000eab00000)
  object space 68608K, 56% used [0x00000000c0000000,0x00000000c25da8c0,0x00000000c4300000)
 Metaspace       used 56614K, committed 57792K, reserved 1114112K
  class space    used 6094K, committed 6592K, reserved 1048576K
}
Event: 12.265 GC heap before
{Heap before GC invocations=29 (full 2):
 PSYoungGen      total 19456K, used 19264K [0x00000000eab00000, 0x00000000ec080000, 0x0000000100000000)
  eden space 18944K, 100% used [0x00000000eab00000,0x00000000ebd80000,0x00000000ebd80000)
  from space 512K, 62% used [0x00000000ec000000,0x00000000ec050000,0x00000000ec080000)
  to   space 1024K, 0% used [0x00000000ebe80000,0x00000000ebe80000,0x00000000ebf80000)
 ParOldGen       total 68608K, used 38762K [0x00000000c0000000, 0x00000000c4300000, 0x00000000eab00000)
  object space 68608K, 56% used [0x00000000c0000000,0x00000000c25da8c0,0x00000000c4300000)
 Metaspace       used 57562K, committed 58624K, reserved 1114112K
  class space    used 6176K, committed 6592K, reserved 1048576K
}
Event: 12.266 GC heap after
{Heap after GC invocations=29 (full 2):
 PSYoungGen      total 19968K, used 1018K [0x00000000eab00000, 0x00000000ec180000, 0x0000000100000000)
  eden space 18944K, 0% used [0x00000000eab00000,0x00000000eab00000,0x00000000ebd80000)
  from space 1024K, 99% used [0x00000000ebe80000,0x00000000ebf7eb58,0x00000000ebf80000)
  to   space 2048K, 0% used [0x00000000ebf80000,0x00000000ebf80000,0x00000000ec180000)
 ParOldGen       total 68608K, used 39437K [0x00000000c0000000, 0x00000000c4300000, 0x00000000eab00000)
  object space 68608K, 57% used [0x00000000c0000000,0x00000000c2683448,0x00000000c4300000)
 Metaspace       used 57562K, committed 58624K, reserved 1114112K
  class space    used 6176K, committed 6592K, reserved 1048576K
}
Event: 12.349 GC heap before
{Heap before GC invocations=30 (full 2):
 PSYoungGen      total 19968K, used 19962K [0x00000000eab00000, 0x00000000ec180000, 0x0000000100000000)
  eden space 18944K, 100% used [0x00000000eab00000,0x00000000ebd80000,0x00000000ebd80000)
  from space 1024K, 99% used [0x00000000ebe80000,0x00000000ebf7eb58,0x00000000ebf80000)
  to   space 2048K, 0% used [0x00000000ebf80000,0x00000000ebf80000,0x00000000ec180000)
 ParOldGen       total 68608K, used 39437K [0x00000000c0000000, 0x00000000c4300000, 0x00000000eab00000)
  object space 68608K, 57% used [0x00000000c0000000,0x00000000c2683448,0x00000000c4300000)
 Metaspace       used 57582K, committed 58624K, reserved 1114112K
  class space    used 6176K, committed 6592K, reserved 1048576K
}
Event: 12.351 GC heap after
{Heap after GC invocations=30 (full 2):
 PSYoungGen      total 19968K, used 662K [0x00000000eab00000, 0x00000000ec080000, 0x0000000100000000)
  eden space 18944K, 0% used [0x00000000eab00000,0x00000000eab00000,0x00000000ebd80000)
  from space 1024K, 64% used [0x00000000ebf80000,0x00000000ec025b48,0x00000000ec080000)
  to   space 1536K, 0% used [0x00000000ebd80000,0x00000000ebd80000,0x00000000ebf00000)
 ParOldGen       total 68608K, used 40479K [0x00000000c0000000, 0x00000000c4300000, 0x00000000eab00000)
  object space 68608K, 59% used [0x00000000c0000000,0x00000000c2787fa0,0x00000000c4300000)
 Metaspace       used 57582K, committed 58624K, reserved 1114112K
  class space    used 6176K, committed 6592K, reserved 1048576K
}
Event: 12.561 GC heap before
{Heap before GC invocations=31 (full 2):
 PSYoungGen      total 19968K, used 15292K [0x00000000eab00000, 0x00000000ec080000, 0x0000000100000000)
  eden space 18944K, 77% used [0x00000000eab00000,0x00000000eb949810,0x00000000ebd80000)
  from space 1024K, 64% used [0x00000000ebf80000,0x00000000ec025b48,0x00000000ec080000)
  to   space 1536K, 0% used [0x00000000ebd80000,0x00000000ebd80000,0x00000000ebf00000)
 ParOldGen       total 68608K, used 40479K [0x00000000c0000000, 0x00000000c4300000, 0x00000000eab00000)
  object space 68608K, 59% used [0x00000000c0000000,0x00000000c2787fa0,0x00000000c4300000)
 Metaspace       used 58711K, committed 59776K, reserved 1114112K
  class space    used 6289K, committed 6720K, reserved 1048576K
}
Event: 12.562 GC heap after
{Heap after GC invocations=31 (full 2):
 PSYoungGen      total 20480K, used 224K [0x00000000eab00000, 0x00000000ec000000, 0x0000000100000000)
  eden space 18944K, 0% used [0x00000000eab00000,0x00000000eab00000,0x00000000ebd80000)
  from space 1536K, 14% used [0x00000000ebd80000,0x00000000ebdb8000,0x00000000ebf00000)
  to   space 512K, 0% used [0x00000000ebf80000,0x00000000ebf80000,0x00000000ec000000)
 ParOldGen       total 68608K, used 40495K [0x00000000c0000000, 0x00000000c4300000, 0x00000000eab00000)
  object space 68608K, 59% used [0x00000000c0000000,0x00000000c278bfa0,0x00000000c4300000)
 Metaspace       used 58711K, committed 59776K, reserved 1114112K
  class space    used 6289K, committed 6720K, reserved 1048576K
}
Event: 12.562 GC heap before
{Heap before GC invocations=32 (full 3):
 PSYoungGen      total 20480K, used 224K [0x00000000eab00000, 0x00000000ec000000, 0x0000000100000000)
  eden space 18944K, 0% used [0x00000000eab00000,0x00000000eab00000,0x00000000ebd80000)
  from space 1536K, 14% used [0x00000000ebd80000,0x00000000ebdb8000,0x00000000ebf00000)
  to   space 512K, 0% used [0x00000000ebf80000,0x00000000ebf80000,0x00000000ec000000)
 ParOldGen       total 68608K, used 40495K [0x00000000c0000000, 0x00000000c4300000, 0x00000000eab00000)
  object space 68608K, 59% used [0x00000000c0000000,0x00000000c278bfa0,0x00000000c4300000)
 Metaspace       used 58711K, committed 59776K, reserved 1114112K
  class space    used 6289K, committed 6720K, reserved 1048576K
}
Event: 12.657 GC heap after
{Heap after GC invocations=32 (full 3):
 PSYoungGen      total 20480K, used 0K [0x00000000eab00000, 0x00000000ec000000, 0x0000000100000000)
  eden space 18944K, 0% used [0x00000000eab00000,0x00000000eab00000,0x00000000ebd80000)
  from space 1536K, 0% used [0x00000000ebd80000,0x00000000ebd80000,0x00000000ebf00000)
  to   space 512K, 0% used [0x00000000ebf80000,0x00000000ebf80000,0x00000000ec000000)
 ParOldGen       total 68608K, used 34624K [0x00000000c0000000, 0x00000000c4300000, 0x00000000eab00000)
  object space 68608K, 50% used [0x00000000c0000000,0x00000000c21d02e0,0x00000000c4300000)
 Metaspace       used 58711K, committed 59776K, reserved 1114112K
  class space    used 6289K, committed 6720K, reserved 1048576K
}
Event: 13.243 GC heap before
{Heap before GC invocations=33 (full 3):
 PSYoungGen      total 20480K, used 18944K [0x00000000eab00000, 0x00000000ec000000, 0x0000000100000000)
  eden space 18944K, 100% used [0x00000000eab00000,0x00000000ebd80000,0x00000000ebd80000)
  from space 1536K, 0% used [0x00000000ebd80000,0x00000000ebd80000,0x00000000ebf00000)
  to   space 512K, 0% used [0x00000000ebf80000,0x00000000ebf80000,0x00000000ec000000)
 ParOldGen       total 68608K, used 34624K [0x00000000c0000000, 0x00000000c4300000, 0x00000000eab00000)
  object space 68608K, 50% used [0x00000000c0000000,0x00000000c21d02e0,0x00000000c4300000)
 Metaspace       used 61068K, committed 62144K, reserved 1114112K
  class space    used 6520K, committed 6976K, reserved 1048576K
}
Event: 13.245 GC heap after
{Heap after GC invocations=33 (full 3):
 PSYoungGen      total 19456K, used 497K [0x00000000eab00000, 0x00000000ec000000, 0x0000000100000000)
  eden space 18944K, 0% used [0x00000000eab00000,0x00000000eab00000,0x00000000ebd80000)
  from space 512K, 97% used [0x00000000ebf80000,0x00000000ebffc458,0x00000000ec000000)
  to   space 1024K, 0% used [0x00000000ebe00000,0x00000000ebe00000,0x00000000ebf00000)
 ParOldGen       total 68608K, used 34664K [0x00000000c0000000, 0x00000000c4300000, 0x00000000eab00000)
  object space 68608K, 50% used [0x00000000c0000000,0x00000000c21da2e0,0x00000000c4300000)
 Metaspace       used 61068K, committed 62144K, reserved 1114112K
  class space    used 6520K, committed 6976K, reserved 1048576K
}
Event: 13.466 GC heap before
{Heap before GC invocations=34 (full 3):
 PSYoungGen      total 19456K, used 19441K [0x00000000eab00000, 0x00000000ec000000, 0x0000000100000000)
  eden space 18944K, 100% used [0x00000000eab00000,0x00000000ebd80000,0x00000000ebd80000)
  from space 512K, 97% used [0x00000000ebf80000,0x00000000ebffc458,0x00000000ec000000)
  to   space 1024K, 0% used [0x00000000ebe00000,0x00000000ebe00000,0x00000000ebf00000)
 ParOldGen       total 68608K, used 34664K [0x00000000c0000000, 0x00000000c4300000, 0x00000000eab00000)
  object space 68608K, 50% used [0x00000000c0000000,0x00000000c21da2e0,0x00000000c4300000)
 Metaspace       used 61709K, committed 62912K, reserved 1114112K
  class space    used 6594K, committed 7104K, reserved 1048576K
}
Event: 13.468 GC heap after
{Heap after GC invocations=34 (full 3):
 PSYoungGen      total 19968K, used 816K [0x00000000eab00000, 0x00000000ec000000, 0x0000000100000000)
  eden space 18944K, 0% used [0x00000000eab00000,0x00000000eab00000,0x00000000ebd80000)
  from space 1024K, 79% used [0x00000000ebe00000,0x00000000ebecc010,0x00000000ebf00000)
  to   space 1024K, 0% used [0x00000000ebf00000,0x00000000ebf00000,0x00000000ec000000)
 ParOldGen       total 68608K, used 35152K [0x00000000c0000000, 0x00000000c4300000, 0x00000000eab00000)
  object space 68608K, 51% used [0x00000000c0000000,0x00000000c2254288,0x00000000c4300000)
 Metaspace       used 61709K, committed 62912K, reserved 1114112K
  class space    used 6594K, committed 7104K, reserved 1048576K
}
Event: 14.071 GC heap before
{Heap before GC invocations=35 (full 3):
 PSYoungGen      total 19968K, used 19059K [0x00000000eab00000, 0x00000000ec000000, 0x0000000100000000)
  eden space 18944K, 96% used [0x00000000eab00000,0x00000000ebcd0c38,0x00000000ebd80000)
  from space 1024K, 79% used [0x00000000ebe00000,0x00000000ebecc010,0x00000000ebf00000)
  to   space 1024K, 0% used [0x00000000ebf00000,0x00000000ebf00000,0x00000000ec000000)
 ParOldGen       total 68608K, used 35152K [0x00000000c0000000, 0x00000000c4300000, 0x00000000eab00000)
  object space 68608K, 51% used [0x00000000c0000000,0x00000000c2254288,0x00000000c4300000)
 Metaspace       used 63496K, committed 64640K, reserved 1114112K
  class space    used 6759K, committed 7232K, reserved 1048576K
}
Event: 14.078 GC heap after
{Heap after GC invocations=35 (full 3):
 PSYoungGen      total 18432K, used 1002K [0x00000000eab00000, 0x00000000ec380000, 0x0000000100000000)
  eden space 17408K, 0% used [0x00000000eab00000,0x00000000eab00000,0x00000000ebc00000)
  from space 1024K, 97% used [0x00000000ebf00000,0x00000000ebffaae0,0x00000000ec000000)
  to   space 3072K, 0% used [0x00000000ebc00000,0x00000000ebc00000,0x00000000ebf00000)
 ParOldGen       total 68608K, used 36720K [0x00000000c0000000, 0x00000000c4300000, 0x00000000eab00000)
  object space 68608K, 53% used [0x00000000c0000000,0x00000000c23dc2d0,0x00000000c4300000)
 Metaspace       used 63496K, committed 64640K, reserved 1114112K
  class space    used 6759K, committed 7232K, reserved 1048576K
}
Event: 14.367 GC heap before
{Heap before GC invocations=36 (full 3):
 PSYoungGen      total 18432K, used 18410K [0x00000000eab00000, 0x00000000ec380000, 0x0000000100000000)
  eden space 17408K, 100% used [0x00000000eab00000,0x00000000ebc00000,0x00000000ebc00000)
  from space 1024K, 97% used [0x00000000ebf00000,0x00000000ebffaae0,0x00000000ec000000)
  to   space 3072K, 0% used [0x00000000ebc00000,0x00000000ebc00000,0x00000000ebf00000)
 ParOldGen       total 68608K, used 36720K [0x00000000c0000000, 0x00000000c4300000, 0x00000000eab00000)
  object space 68608K, 53% used [0x00000000c0000000,0x00000000c23dc2d0,0x00000000c4300000)
 Metaspace       used 64275K, committed 65408K, reserved 1114112K
  class space    used 6844K, committed 7296K, reserved 1048576K
}
Event: 14.371 GC heap after
{Heap after GC invocations=36 (full 3):
 PSYoungGen      total 20480K, used 3046K [0x00000000eab00000, 0x00000000ec500000, 0x0000000100000000)
  eden space 17408K, 0% used [0x00000000eab00000,0x00000000eab00000,0x00000000ebc00000)
  from space 3072K, 99% used [0x00000000ebc00000,0x00000000ebef9810,0x00000000ebf00000)
  to   space 4608K, 0% used [0x00000000ec080000,0x00000000ec080000,0x00000000ec500000)
 ParOldGen       total 68608K, used 37688K [0x00000000c0000000, 0x00000000c4300000, 0x00000000eab00000)
  object space 68608K, 54% used [0x00000000c0000000,0x00000000c24ce2f8,0x00000000c4300000)
 Metaspace       used 64275K, committed 65408K, reserved 1114112K
  class space    used 6844K, committed 7296K, reserved 1048576K
}

